<?xml version="1.0" encoding="UTF-8"?>
<!-- Generated by org.testng.reporters.JUnitReportReporter -->
<testsuite hostname="DESKTOP-D6DTJCU" name="com.training.sanity.tests.RegLoginPwdrecvTest" tests="3" failures="0" timestamp="25 Jul 2019 09:43:08 GMT" time="233.219" errors="0">
  <testcase name="registrationPassTest" time="81.207" classname="com.training.sanity.tests.RegLoginPwdrecvTest"/>
  <testcase name="recoverPwdPassTest" time="57.928" classname="com.training.sanity.tests.RegLoginPwdrecvTest"/>
  <testcase name="loginPassTest" time="94.084" classname="com.training.sanity.tests.RegLoginPwdrecvTest"/>
</testsuite> <!-- com.training.sanity.tests.RegLoginPwdrecvTest -->
