<?xml version="1.0" encoding="UTF-8"?>
<!-- Generated by org.testng.reporters.JUnitReportReporter -->
<testsuite hostname="DESKTOP-D6DTJCU" name="com.training.sanity.tests.MediumTest" tests="1" failures="0" timestamp="25 Jul 2019 05:38:53 GMT" time="80.280" errors="0">
  <testcase name="checkoutWithoutLoginPassTest" time="80.280" classname="com.training.sanity.tests.MediumTest"/>
</testsuite> <!-- com.training.sanity.tests.MediumTest -->
