<?xml version="1.0" encoding="UTF-8"?>
<!-- Generated by org.testng.reporters.JUnitReportReporter -->
<testsuite hostname="DESKTOP-D6DTJCU" name="com.training.sanity.tests.RegLoginPwdrecvTest" tests="1" failures="0" timestamp="1 Aug 2019 10:22:44 GMT" time="43.332" errors="0">
  <testcase name="registrationPassTest" time="43.332" classname="com.training.sanity.tests.RegLoginPwdrecvTest"/>
</testsuite> <!-- com.training.sanity.tests.RegLoginPwdrecvTest -->
