<?xml version="1.0" encoding="UTF-8"?>
<!-- Generated by org.testng.reporters.JUnitReportReporter -->
<testsuite hostname="DESKTOP-D6DTJCU" name="com.training.sanity.tests.SimpleTest" tests="3" failures="0" timestamp="23 Jul 2019 07:32:18 GMT" time="92.111" errors="0">
  <testcase name="registrationPassTest" time="26.614" classname="com.training.sanity.tests.SimpleTest"/>
  <testcase name="loginPassTest" time="33.357" classname="com.training.sanity.tests.SimpleTest"/>
  <testcase name="recoverPwdPassTest" time="32.140" classname="com.training.sanity.tests.SimpleTest"/>
</testsuite> <!-- com.training.sanity.tests.SimpleTest -->
