<?xml version="1.0" encoding="UTF-8"?>
<!-- Generated by org.testng.reporters.JUnitReportReporter -->
<testsuite hostname="DESKTOP-D6DTJCU" name="com.training.sanity.tests.SimpleTest" tests="3" failures="0" timestamp="25 Jul 2019 08:37:32 GMT" time="210.210" errors="0">
  <testcase name="registrationPassTest" time="73.920" classname="com.training.sanity.tests.SimpleTest"/>
  <testcase name="loginPassTest" time="54.159" classname="com.training.sanity.tests.SimpleTest"/>
  <testcase name="recoverPwdPassTest" time="82.131" classname="com.training.sanity.tests.SimpleTest"/>
</testsuite> <!-- com.training.sanity.tests.SimpleTest -->
