<?xml version="1.0" encoding="UTF-8"?>
<!-- Generated by org.testng.reporters.JUnitReportReporter -->
<testsuite hostname="DESKTOP-D6DTJCU" name="com.training.sanity.tests.InvalidLogWithoutLogPlaceOrderTest" tests="1" failures="0" timestamp="2 Aug 2019 11:34:14 GMT" time="146.240" errors="0">
  <testcase name="placeOrderPassTest" time="146.240" classname="com.training.sanity.tests.InvalidLogWithoutLogPlaceOrderTest"/>
</testsuite> <!-- com.training.sanity.tests.InvalidLogWithoutLogPlaceOrderTest -->
